<?xml version="1.0" encoding="UTF-8"?>
<testng-results skipped="0" failed="0" ignored="0" total="1" passed="1">
  <reporter-output>
  </reporter-output>
  <suite name="Default suite" duration-ms="94474" started-at="2022-06-05T15:08:05 IST" finished-at="2022-06-05T15:09:40 IST">
    <groups>
    </groups>
    <test name="Default test" duration-ms="94474" started-at="2022-06-05T15:08:05 IST" finished-at="2022-06-05T15:09:40 IST">
      <class name="testPages.HomeTest">
        <test-method status="PASS" signature="setUp()[pri:0, instance:testPages.HomeTest@1fc5fb8]" name="setUp" is-config="true" duration-ms="65449" started-at="2022-06-05T15:08:05 IST" finished-at="2022-06-05T15:09:11 IST">
          <reporter-output>
          </reporter-output>
        </test-method> <!-- setUp -->
        <test-method status="PASS" signature="Validate_reasult()[pri:0, instance:testPages.HomeTest@1fc5fb8]" name="Validate_reasult" duration-ms="27020" started-at="2022-06-05T15:09:11 IST" finished-at="2022-06-05T15:09:38 IST">
          <reporter-output>
          </reporter-output>
        </test-method> <!-- Validate_reasult -->
        <test-method status="PASS" signature="teardown()[pri:0, instance:testPages.HomeTest@1fc5fb8]" name="teardown" is-config="true" duration-ms="1450" started-at="2022-06-05T15:09:38 IST" finished-at="2022-06-05T15:09:40 IST">
          <reporter-output>
          </reporter-output>
        </test-method> <!-- teardown -->
      </class> <!-- testPages.HomeTest -->
    </test> <!-- Default test -->
  </suite> <!-- Default suite -->
</testng-results>
